<?xml version="1.0" encoding="UTF-8"?>
<!-- Generated by org.testng.reporters.JUnitReportReporter -->
<testsuite skipped="0" hostname="LAPTOP-FBFACADN" name="Testcases.TC000_Get_Auth_Token" tests="1" failures="0" timestamp="2021-01-30T18:15:23 IST" time="1.925" errors="0">
  <testcase name="getId" time="1.925" classname="Testcases.TC000_Get_Auth_Token"/>
</testsuite> <!-- Testcases.TC000_Get_Auth_Token -->
