<?xml version="1.0" encoding="UTF-8"?>
<!-- Generated by org.testng.reporters.JUnitReportReporter -->
<testsuite skipped="0" hostname="LAPTOP-FBFACADN" name="Testcases.TC001_GetBookingIds" tests="1" failures="0" timestamp="2021-01-30T20:25:59 IST" time="2.093" errors="0">
  <testcase name="getBookingIds" time="2.093" classname="Testcases.TC001_GetBookingIds"/>
</testsuite> <!-- Testcases.TC001_GetBookingIds -->
