<?xml version="1.0" encoding="UTF-8"?>
<!-- Generated by org.testng.reporters.JUnitReportReporter -->
<testsuite skipped="0" hostname="LAPTOP-FBFACADN" name="Testcases.API_Tests" tests="1" failures="0" timestamp="2021-01-29T19:40:48 IST" time="2.673" errors="0">
  <testcase name="get_authToken" time="2.673" classname="Testcases.API_Tests"/>
</testsuite> <!-- Testcases.API_Tests -->
