<?xml version="1.0" encoding="UTF-8"?>
<!-- Generated by org.testng.reporters.JUnitReportReporter -->
<testsuite skipped="0" hostname="LAPTOP-FBFACADN" name="Testcases.TC006_DeleteBooking" tests="1" failures="0" timestamp="2021-01-30T20:25:59 IST" time="4.366" errors="0">
  <testcase name="Deletebooking" time="4.366" classname="Testcases.TC006_DeleteBooking"/>
</testsuite> <!-- Testcases.TC006_DeleteBooking -->
