<?xml version="1.0" encoding="UTF-8"?>
<!-- Generated by org.testng.reporters.JUnitReportReporter -->
<testsuite skipped="0" hostname="LAPTOP-FBFACADN" name="Testcases.TC00_PingAPI" tests="1" failures="0" timestamp="2021-01-30T15:12:19 IST" time="2.693" errors="0">
  <testcase name="pingAPI" time="2.693" classname="Testcases.TC00_PingAPI"/>
</testsuite> <!-- Testcases.TC00_PingAPI -->
