<?xml version="1.0" encoding="UTF-8"?>
<!-- Generated by org.testng.reporters.JUnitReportReporter -->
<testsuite skipped="0" hostname="LAPTOP-FBFACADN" name="Testcases.TC_basetest" tests="1" failures="0" timestamp="2021-01-30T11:13:16 IST" time="0.015" errors="0">
  <testcase name="checkResposeBody" time="0.015" classname="Testcases.TC_basetest"/>
</testsuite> <!-- Testcases.TC_basetest -->
