<?xml version="1.0" encoding="UTF-8"?>
<!-- Generated by org.testng.reporters.JUnitReportReporter -->
<testsuite skipped="0" hostname="LAPTOP-FBFACADN" name="Testcases.TC003_CreateBooking" tests="1" failures="0" timestamp="2021-01-29T19:40:48 IST" time="1.258" errors="0">
  <testcase name="CreateBooking" time="1.258" classname="Testcases.TC003_CreateBooking"/>
</testsuite> <!-- Testcases.TC003_CreateBooking -->
