<?xml version="1.0" encoding="UTF-8"?>
<!-- Generated by org.testng.reporters.JUnitReportReporter -->
<testsuite skipped="0" hostname="LAPTOP-FBFACADN" name="Testcases.TC005_UpdateBooking" tests="1" failures="0" timestamp="2021-01-30T20:25:59 IST" time="3.053" errors="0">
  <testcase name="Updatebooking" time="3.053" classname="Testcases.TC005_UpdateBooking"/>
</testsuite> <!-- Testcases.TC005_UpdateBooking -->
