<?xml version="1.0" encoding="UTF-8"?>
<!-- Generated by org.testng.reporters.JUnitReportReporter -->
<testsuite skipped="0" hostname="LAPTOP-FBFACADN" name="Testcases.TestBase_Booking" tests="1" failures="0" timestamp="2021-01-30T01:03:47 IST" time="3.215" errors="0">
  <testcase name="gettokentest" time="3.215" classname="Testcases.TestBase_Booking"/>
</testsuite> <!-- Testcases.TestBase_Booking -->
