<?xml version="1.0" encoding="UTF-8"?>
<!-- Generated by org.testng.reporters.JUnitReportReporter -->
<testsuite skipped="0" hostname="LAPTOP-FBFACADN" name="Testcases.TC004_PartialUpdateBooking" tests="1" failures="0" timestamp="2021-01-30T20:25:59 IST" time="2.693" errors="0">
  <testcase name="PartialUpdatebooking" time="2.693" classname="Testcases.TC004_PartialUpdateBooking"/>
</testsuite> <!-- Testcases.TC004_PartialUpdateBooking -->
