<?xml version="1.0" encoding="UTF-8"?>
<!-- Generated by org.testng.reporters.JUnitReportReporter -->
<testsuite skipped="0" hostname="LAPTOP-FBFACADN" name="Testcases.TC002_GetBooking" tests="1" failures="0" timestamp="2021-01-30T20:32:00 IST" time="1.266" errors="0">
  <testcase name="getBooking" time="1.266" classname="Testcases.TC002_GetBooking"/>
  <system-out/>
</testsuite> <!-- Testcases.TC002_GetBooking -->
