<?xml version="1.0" encoding="UTF-8"?>
<!-- Generated by org.testng.reporters.JUnitReportReporter -->
<testsuite skipped="0" hostname="LAPTOP-FBFACADN" name="Testcases.TC004_PartialUpdateBooking" tests="1" failures="0" timestamp="2021-01-30T20:32:00 IST" time="2.488" errors="0">
  <testcase name="PartialUpdatebooking" time="2.488" classname="Testcases.TC004_PartialUpdateBooking"/>
  <system-out/>
</testsuite> <!-- Testcases.TC004_PartialUpdateBooking -->
