<?xml version="1.0" encoding="UTF-8"?>
<!-- Generated by org.testng.reporters.JUnitReportReporter -->
<testsuite skipped="0" hostname="LAPTOP-FBFACADN" name="Testcases.TC003_1Create_Booking" tests="1" failures="0" timestamp="2021-01-30T20:32:00 IST" time="1.458" errors="0">
  <testcase name="New_booking" time="1.458" classname="Testcases.TC003_1Create_Booking"/>
  <system-out/>
</testsuite> <!-- Testcases.TC003_1Create_Booking -->
