<?xml version="1.0" encoding="UTF-8"?>
<!-- Generated by org.testng.reporters.JUnitReportReporter -->
<testsuite skipped="0" hostname="LAPTOP-FBFACADN" name="Testcases.TC001_GetBookingIds" tests="1" failures="0" timestamp="2021-01-30T20:32:00 IST" time="1.741" errors="0">
  <testcase name="getBookingIds" time="1.741" classname="Testcases.TC001_GetBookingIds"/>
  <system-out/>
</testsuite> <!-- Testcases.TC001_GetBookingIds -->
