<?xml version="1.0" encoding="UTF-8"?>
<!-- Generated by org.testng.reporters.JUnitReportReporter -->
<testsuite skipped="0" hostname="LAPTOP-FBFACADN" name="Testcases.TC005_UpdateBooking" tests="1" failures="0" timestamp="2021-01-30T20:32:00 IST" time="2.498" errors="0">
  <testcase name="Updatebooking" time="2.498" classname="Testcases.TC005_UpdateBooking"/>
  <system-out/>
</testsuite> <!-- Testcases.TC005_UpdateBooking -->
