<?xml version="1.0" encoding="UTF-8"?>
<!-- Generated by org.testng.reporters.JUnitReportReporter -->
<testsuite skipped="0" hostname="LAPTOP-FBFACADN" name="Testcases.TC006_DeleteBooking" tests="1" failures="0" timestamp="2021-01-30T20:32:00 IST" time="3.769" errors="0">
  <testcase name="Deletebooking" time="3.769" classname="Testcases.TC006_DeleteBooking"/>
  <system-out/>
</testsuite> <!-- Testcases.TC006_DeleteBooking -->
